2025-11-13 19:25:35,936 - __main__ - INFO - Успешно загружена конфигурация ключевых слов: 171 стоп-слов, 14 низковесных, 48 высоковесных
2025-11-13 19:25:35,937 - __main__ - INFO - Успешно загружено 50 льгот
2025-11-13 19:25:35,937 - __main__ - INFO - Бот инициализирован
2025-11-13 19:25:35,937 - __main__ - INFO - Обработка запроса: 'парковка для инвалидов' (пользователь: demo_user)
2025-11-13 19:25:35,953 - __main__ - INFO - Успешно обработан запрос 'парковка для инвалидов' (пользователь: demo_user), найдено 2 результатов
2025-11-13 19:25:35,954 - __main__ - INFO - Обработка запроса: 'льготы на лекарства' (пользователь: demo_user)
2025-11-13 19:25:35,968 - __main__ - INFO - Успешно обработан запрос 'льготы на лекарства' (пользователь: demo_user), найдено 3 результатов
2025-11-13 19:25:35,968 - __main__ - INFO - Обработка запроса: 'инвалид 2 группы' (пользователь: demo_user)
2025-11-13 19:25:35,984 - __main__ - INFO - Успешно обработан запрос 'инвалид 2 группы' (пользователь: demo_user), найдено 15 результатов
2025-11-13 19:26:45,071 - __main__ - INFO - Успешно загружена конфигурация ключевых слов: 171 стоп-слов, 14 низковесных, 48 высоковесных
2025-11-13 19:26:45,072 - __main__ - INFO - Успешно загружено 50 льгот
2025-11-13 19:26:45,072 - __main__ - INFO - Бот инициализирован
2025-11-13 19:26:45,072 - __main__ - INFO - Обработка запроса: 'парковка для инвалидов' (пользователь: demo_user)
2025-11-13 19:26:45,097 - __main__ - INFO - Успешно обработан запрос 'парковка для инвалидов' (пользователь: demo_user), найдено 2 результатов
2025-11-13 19:26:45,097 - __main__ - INFO - Обработка запроса: 'льготы на лекарства' (пользователь: demo_user)
2025-11-13 19:26:45,111 - __main__ - INFO - Успешно обработан запрос 'льготы на лекарства' (пользователь: demo_user), найдено 3 результатов
2025-11-13 19:26:45,111 - __main__ - INFO - Обработка запроса: 'инвалид 2 группы' (пользователь: demo_user)
2025-11-13 19:26:45,127 - __main__ - INFO - Успешно обработан запрос 'инвалид 2 группы' (пользователь: demo_user), найдено 15 результатов
2025-11-13 19:27:06,303 - __main__ - INFO - Успешно загружена конфигурация ключевых слов: 171 стоп-слов, 14 низковесных, 48 высоковесных
2025-11-13 19:27:06,304 - __main__ - INFO - Успешно загружено 50 льгот
2025-11-13 19:27:06,304 - __main__ - INFO - Бот инициализирован
2025-11-13 19:27:06,304 - __main__ - INFO - Обработка запроса: 'Компенсация ЖКУ' (пользователь: go_user)
2025-11-13 19:27:06,323 - __main__ - INFO - Успешно обработан запрос 'Компенсация ЖКУ' (пользователь: go_user), найдено 6 результатов
2025-11-13 19:34:14,650 - __main__ - INFO - Успешно загружена конфигурация ключевых слов: 171 стоп-слов, 14 низковесных, 48 высоковесных
2025-11-13 19:34:14,650 - __main__ - INFO - Успешно загружено 50 льгот
2025-11-13 19:34:14,650 - __main__ - INFO - Бот инициализирован
2025-11-13 19:34:14,651 - __main__ - INFO - Обработка запроса: 'парковка' (пользователь: go_user)
2025-11-13 19:34:14,668 - __main__ - INFO - Успешно обработан запрос 'парковка' (пользователь: go_user), найдено 2 результатов
